<?xml version="1.0" encoding="UTF-8"?>
<!-- Generated by org.testng.reporters.JUnitXMLReporter -->
<testsuite ignored="0" hostname="Infanta" failures="0" tests="0" name="Testnew" time="0.452" errors="0" timestamp="2024-10-04T15:23:12 IST">
  <testcase classname="Generic_Utility.BaseClass" name="@BeforeClass BC" time="0.025">
    <failure type="java.lang.NullPointerException" message="Cannot invoke &amp;quot;String.equalsIgnoreCase(String)&amp;quot; because &amp;quot;BROWSER&amp;quot; is null">
      <![CDATA[java.lang.NullPointerException: Cannot invoke "String.equalsIgnoreCase(String)" because "BROWSER" is null
at Generic_Utility.BaseClass.BC(BaseClass.java:38)
at java.base/java.util.ArrayList.forEach(ArrayList.java:1511)
... Removed 25 stack frames]]>
    </failure>
  </testcase> <!-- @BeforeClass BC -->
  <testcase classname="Generic_Utility.BaseClass" name="@AfterClass AC" time="-1.728035592023E9">
    <skipped/>
  </testcase> <!-- @AfterClass AC -->
</testsuite> <!-- Testnew -->
