<?xml version="1.0" encoding="UTF-8"?>
<testng-results ignored="0" total="2" passed="2" failed="0" skipped="0">
  <reporter-output>
  </reporter-output>
  <suite started-at="2024-10-04T15:37:01 IST" name="Default suite" finished-at="2024-10-04T15:37:01 IST" duration-ms="44">
    <groups>
    </groups>
    <test started-at="2024-10-04T15:37:01 IST" name="Default test" finished-at="2024-10-04T15:37:01 IST" duration-ms="44">
      <class name="TestNGPackage.DataProviderEx1">
        <test-method signature="bookTickets(java.lang.String,java.lang.String,int)[pri:0, instance:TestNGPackage.DataProviderEx1@723ca036]" started-at="2024-10-04T15:37:01 IST" name="bookTickets" data-provider="dataProviderData" finished-at="2024-10-04T15:37:01 IST" duration-ms="6" status="PASS">
          <params>
            <param index="0">
              <value>
                <![CDATA[Bangalore]]>
              </value>
            </param>
            <param index="1">
              <value>
                <![CDATA[Chennai]]>
              </value>
            </param>
            <param index="2">
              <value>
                <![CDATA[2]]>
              </value>
            </param>
          </params>
          <reporter-output>
          </reporter-output>
        </test-method> <!-- bookTickets -->
        <test-method signature="bookTickets(java.lang.String,java.lang.String,int)[pri:0, instance:TestNGPackage.DataProviderEx1@723ca036]" started-at="2024-10-04T15:37:01 IST" name="bookTickets" data-provider="dataProviderData" finished-at="2024-10-04T15:37:01 IST" duration-ms="0" status="PASS">
          <params>
            <param index="0">
              <value>
                <![CDATA[Bangalore]]>
              </value>
            </param>
            <param index="1">
              <value>
                <![CDATA[Goa]]>
              </value>
            </param>
            <param index="2">
              <value>
                <![CDATA[4]]>
              </value>
            </param>
          </params>
          <reporter-output>
          </reporter-output>
        </test-method> <!-- bookTickets -->
      </class> <!-- TestNGPackage.DataProviderEx1 -->
    </test> <!-- Default test -->
  </suite> <!-- Default suite -->
</testng-results>
